<?xml version="1.0" encoding="UTF-8"?>
<testng-results skipped="0" failed="0" ignored="0" total="1" passed="1">
  <reporter-output>
  </reporter-output>
  <suite name="Suite" duration-ms="39939" started-at="2021-09-25T05:41:40 IST" finished-at="2021-09-25T05:42:20 IST">
    <groups>
    </groups>
    <test name="Search_item" duration-ms="39939" started-at="2021-09-25T05:41:40 IST" finished-at="2021-09-25T05:42:20 IST">
      <class name="runner.Runner">
        <test-method status="PASS" signature="initialize()[pri:0, instance:runner.Runner@5f71c76a]" name="initialize" is-config="true" duration-ms="4859" started-at="2021-09-25T05:41:40 IST" finished-at="2021-09-25T05:41:44 IST">
          <reporter-output>
          </reporter-output>
        </test-method> <!-- initialize -->
        <test-method status="PASS" signature="addToCart()[pri:7, instance:runner.Runner@5f71c76a]" name="addToCart" duration-ms="30809" started-at="2021-09-25T05:41:45 IST" finished-at="2021-09-25T05:42:15 IST">
          <reporter-output>
          </reporter-output>
        </test-method> <!-- addToCart -->
        <test-method status="PASS" signature="tearDown()[pri:0, instance:runner.Runner@5f71c76a]" name="tearDown" is-config="true" duration-ms="4203" started-at="2021-09-25T05:42:15 IST" finished-at="2021-09-25T05:42:20 IST">
          <reporter-output>
          </reporter-output>
        </test-method> <!-- tearDown -->
      </class> <!-- runner.Runner -->
    </test> <!-- Search_item -->
  </suite> <!-- Suite -->
</testng-results>
